============================= test session starts ==============================
platform darwin -- Python 3.11.9, pytest-9.1.1, pluggy-1.6.0 -- /Library/Frameworks/Python.framework/Versions/3.11/bin/python3
cachedir: .pytest_cache
rootdir: /Users/alwan
configfile: pytest.ini
plugins: langsmith-0.10.14, asyncio-1.4.0, anyio-3.7.1
asyncio: mode=Mode.STRICT, debug=False, asyncio_default_fixture_loop_scope=None, asyncio_default_test_loop_scope=function
collecting ... collected 38 items

tests/api/v1/test_documents.py::TestDocumentAPI::test_upload_text_document ERROR [  2%]
tests/api/v1/test_documents.py::TestDocumentAPI::test_upload_document_auto_process ERROR [  5%]
tests/api/v1/test_documents.py::TestDocumentAPI::test_upload_document_without_title ERROR [  7%]
tests/api/v1/test_documents.py::TestDocumentAPI::test_upload_unsupported_file_type ERROR [ 10%]
tests/api/v1/test_documents.py::TestDocumentAPI::test_upload_video_document ERROR [ 13%]
tests/api/v1/test_documents.py::TestDocumentAPI::test_upload_audio_document ERROR [ 15%]
tests/api/v1/test_documents.py::TestDocumentAPI::test_get_document ERROR [ 18%]
tests/api/v1/test_documents.py::TestDocumentAPI::test_get_document_not_found ERROR [ 21%]
tests/api/v1/test_documents.py::TestDocumentAPI::test_list_documents_empty ERROR [ 23%]
tests/api/v1/test_documents.py::TestDocumentAPI::test_list_documents ERROR [ 26%]
tests/api/v1/test_documents.py::TestDocumentAPI::test_list_documents_with_filters ERROR [ 28%]
tests/api/v1/test_documents.py::TestDocumentAPI::test_list_documents_pagination ERROR [ 31%]
tests/api/v1/test_documents.py::TestDocumentAPI::test_update_document ERROR [ 34%]
tests/api/v1/test_documents.py::TestDocumentAPI::test_update_document_not_found ERROR [ 36%]
tests/api/v1/test_documents.py::TestDocumentAPI::test_delete_document ERROR [ 39%]
tests/api/v1/test_documents.py::TestDocumentAPI::test_delete_document_not_found ERROR [ 42%]
tests/api/v1/test_documents.py::TestDocumentAPI::test_get_document_status ERROR [ 44%]
tests/api/v1/test_documents.py::TestDocumentAPI::test_process_document ERROR [ 47%]
tests/api/v1/test_documents.py::TestDocumentAPI::test_process_document_not_found ERROR [ 50%]
tests/api/v1/test_documents.py::TestDocumentAPI::test_process_document_already_processing ERROR [ 52%]
tests/api/v1/test_documents.py::TestDocumentAPI::test_batch_process_documents ERROR [ 55%]
tests/api/v1/test_documents.py::TestDocumentAPI::test_batch_process_documents_not_found ERROR [ 57%]
tests/api/v1/test_documents.py::TestDocumentAPI::test_reprocess_document ERROR [ 60%]
tests/api/v1/test_projects.py::TestProjectAPI::test_create_project ERROR [ 63%]
tests/api/v1/test_projects.py::TestProjectAPI::test_create_project_without_description ERROR [ 65%]
tests/api/v1/test_projects.py::TestProjectAPI::test_create_project_missing_name ERROR [ 68%]
tests/api/v1/test_projects.py::TestProjectAPI::test_list_projects_empty ERROR [ 71%]
tests/api/v1/test_projects.py::TestProjectAPI::test_list_projects ERROR  [ 73%]
tests/api/v1/test_projects.py::TestProjectAPI::test_list_projects_with_pagination ERROR [ 76%]
tests/api/v1/test_projects.py::TestProjectAPI::test_get_project ERROR    [ 78%]
tests/api/v1/test_projects.py::TestProjectAPI::test_get_project_not_found ERROR [ 81%]
tests/api/v1/test_projects.py::TestProjectAPI::test_update_project ERROR [ 84%]
tests/api/v1/test_projects.py::TestProjectAPI::test_update_project_partial ERROR [ 86%]
tests/api/v1/test_projects.py::TestProjectAPI::test_update_project_not_found ERROR [ 89%]
tests/api/v1/test_projects.py::TestProjectAPI::test_delete_project ERROR [ 92%]
tests/api/v1/test_projects.py::TestProjectAPI::test_delete_project_not_found ERROR [ 94%]
tests/api/v1/test_projects.py::TestProjectAPI::test_get_project_documents ERROR [ 97%]
tests/api/v1/test_projects.py::TestProjectAPI::test_get_project_contexts ERROR [100%]

=============================== warnings summary ===============================
../../Library/Frameworks/Python.framework/Versions/3.11/lib/python3.11/site-packages/fastapi/testclient.py:1
  /Library/Frameworks/Python.framework/Versions/3.11/lib/python3.11/site-packages/fastapi/testclient.py:1: StarletteDeprecationWarning: Using `httpx` with `starlette.testclient` is deprecated; install `httpx2` instead.
    from starlette.testclient import TestClient as TestClient  # noqa

app/database.py:25
  /Users/alwan/app/database.py:25: MovedIn20Warning: The ``declarative_base()`` function is now available as sqlalchemy.orm.declarative_base(). (deprecated since: 2.0) (Background on SQLAlchemy 2.0 at: https://sqlalche.me/e/b8d9)
    Base = declarative_base()

../../Library/Frameworks/Python.framework/Versions/3.11/lib/python3.11/site-packages/_pytest/config/__init__.py:1464
  /Library/Frameworks/Python.framework/Versions/3.11/lib/python3.11/site-packages/_pytest/config/__init__.py:1464: PytestConfigWarning: Unknown config option: env
  
    self._warn_or_fail_if_strict(f"Unknown config option: {key}\n")

tests/api/v1/test_documents.py: 23 warnings
tests/api/v1/test_projects.py: 15 warnings
  /Users/alwan/app/api/v1/projects.py:27: PydanticDeprecatedSince20: Support for class-based `config` is deprecated, use ConfigDict instead. Deprecated in Pydantic V2.0 to be removed in V3.0. See Pydantic V2 Migration Guide at https://errors.pydantic.dev/2.13/migration/
    class ProjectResponse(BaseModel):

tests/api/v1/test_documents.py::TestDocumentAPI::test_upload_text_document
  /Library/Frameworks/Python.framework/Versions/3.11/lib/python3.11/site-packages/torch/cuda/__init__.py:64: FutureWarning: The pynvml package is deprecated. Please install nvidia-ml-py instead. If you did not install pynvml directly, please report this to the maintainers of the package that installed pynvml for you.
    import pynvml  # type: ignore[import]

-- Docs: https://docs.pytest.org/en/stable/how-to/capture-warnings.html
=========================== short test summary info ============================
ERROR tests/api/v1/test_documents.py::TestDocumentAPI::test_upload_text_document - OSError: We couldn't connect to 'https://hf-mirror.com' to load the files, and couldn't find them in the cached files.
Check your internet connection or see how to run the library in offline mode at 'https://huggingface.co/docs/transformers/installation#offline-mode'.
ERROR tests/api/v1/test_documents.py::TestDocumentAPI::test_upload_document_auto_process - OSError: We couldn't connect to 'https://hf-mirror.com' to load the files, and couldn't find them in the cached files.
Check your internet connection or see how to run the library in offline mode at 'https://huggingface.co/docs/transformers/installation#offline-mode'.
ERROR tests/api/v1/test_documents.py::TestDocumentAPI::test_upload_document_without_title - OSError: We couldn't connect to 'https://hf-mirror.com' to load the files, and couldn't find them in the cached files.
Check your internet connection or see how to run the library in offline mode at 'https://huggingface.co/docs/transformers/installation#offline-mode'.
ERROR tests/api/v1/test_documents.py::TestDocumentAPI::test_upload_unsupported_file_type - OSError: We couldn't connect to 'https://hf-mirror.com' to load the files, and couldn't find them in the cached files.
Check your internet connection or see how to run the library in offline mode at 'https://huggingface.co/docs/transformers/installation#offline-mode'.
ERROR tests/api/v1/test_documents.py::TestDocumentAPI::test_upload_video_document - OSError: We couldn't connect to 'https://hf-mirror.com' to load the files, and couldn't find them in the cached files.
Check your internet connection or see how to run the library in offline mode at 'https://huggingface.co/docs/transformers/installation#offline-mode'.
ERROR tests/api/v1/test_documents.py::TestDocumentAPI::test_upload_audio_document - OSError: We couldn't connect to 'https://hf-mirror.com' to load the files, and couldn't find them in the cached files.
Check your internet connection or see how to run the library in offline mode at 'https://huggingface.co/docs/transformers/installation#offline-mode'.
ERROR tests/api/v1/test_documents.py::TestDocumentAPI::test_get_document - OSError: We couldn't connect to 'https://hf-mirror.com' to load the files, and couldn't find them in the cached files.
Check your internet connection or see how to run the library in offline mode at 'https://huggingface.co/docs/transformers/installation#offline-mode'.
ERROR tests/api/v1/test_documents.py::TestDocumentAPI::test_get_document_not_found - OSError: We couldn't connect to 'https://hf-mirror.com' to load the files, and couldn't find them in the cached files.
Check your internet connection or see how to run the library in offline mode at 'https://huggingface.co/docs/transformers/installation#offline-mode'.
ERROR tests/api/v1/test_documents.py::TestDocumentAPI::test_list_documents_empty - OSError: We couldn't connect to 'https://hf-mirror.com' to load the files, and couldn't find them in the cached files.
Check your internet connection or see how to run the library in offline mode at 'https://huggingface.co/docs/transformers/installation#offline-mode'.
ERROR tests/api/v1/test_documents.py::TestDocumentAPI::test_list_documents - OSError: We couldn't connect to 'https://hf-mirror.com' to load the files, and couldn't find them in the cached files.
Check your internet connection or see how to run the library in offline mode at 'https://huggingface.co/docs/transformers/installation#offline-mode'.
ERROR tests/api/v1/test_documents.py::TestDocumentAPI::test_list_documents_with_filters - OSError: We couldn't connect to 'https://hf-mirror.com' to load the files, and couldn't find them in the cached files.
Check your internet connection or see how to run the library in offline mode at 'https://huggingface.co/docs/transformers/installation#offline-mode'.
ERROR tests/api/v1/test_documents.py::TestDocumentAPI::test_list_documents_pagination - OSError: We couldn't connect to 'https://hf-mirror.com' to load the files, and couldn't find them in the cached files.
Check your internet connection or see how to run the library in offline mode at 'https://huggingface.co/docs/transformers/installation#offline-mode'.
ERROR tests/api/v1/test_documents.py::TestDocumentAPI::test_update_document - OSError: We couldn't connect to 'https://hf-mirror.com' to load the files, and couldn't find them in the cached files.
Check your internet connection or see how to run the library in offline mode at 'https://huggingface.co/docs/transformers/installation#offline-mode'.
ERROR tests/api/v1/test_documents.py::TestDocumentAPI::test_update_document_not_found - OSError: We couldn't connect to 'https://hf-mirror.com' to load the files, and couldn't find them in the cached files.
Check your internet connection or see how to run the library in offline mode at 'https://huggingface.co/docs/transformers/installation#offline-mode'.
ERROR tests/api/v1/test_documents.py::TestDocumentAPI::test_delete_document - OSError: We couldn't connect to 'https://hf-mirror.com' to load the files, and couldn't find them in the cached files.
Check your internet connection or see how to run the library in offline mode at 'https://huggingface.co/docs/transformers/installation#offline-mode'.
ERROR tests/api/v1/test_documents.py::TestDocumentAPI::test_delete_document_not_found - OSError: We couldn't connect to 'https://hf-mirror.com' to load the files, and couldn't find them in the cached files.
Check your internet connection or see how to run the library in offline mode at 'https://huggingface.co/docs/transformers/installation#offline-mode'.
ERROR tests/api/v1/test_documents.py::TestDocumentAPI::test_get_document_status - OSError: We couldn't connect to 'https://hf-mirror.com' to load the files, and couldn't find them in the cached files.
Check your internet connection or see how to run the library in offline mode at 'https://huggingface.co/docs/transformers/installation#offline-mode'.
ERROR tests/api/v1/test_documents.py::TestDocumentAPI::test_process_document - OSError: We couldn't connect to 'https://hf-mirror.com' to load the files, and couldn't find them in the cached files.
Check your internet connection or see how to run the library in offline mode at 'https://huggingface.co/docs/transformers/installation#offline-mode'.
ERROR tests/api/v1/test_documents.py::TestDocumentAPI::test_process_document_not_found - OSError: We couldn't connect to 'https://hf-mirror.com' to load the files, and couldn't find them in the cached files.
Check your internet connection or see how to run the library in offline mode at 'https://huggingface.co/docs/transformers/installation#offline-mode'.
ERROR tests/api/v1/test_documents.py::TestDocumentAPI::test_process_document_already_processing - OSError: We couldn't connect to 'https://hf-mirror.com' to load the files, and couldn't find them in the cached files.
Check your internet connection or see how to run the library in offline mode at 'https://huggingface.co/docs/transformers/installation#offline-mode'.
ERROR tests/api/v1/test_documents.py::TestDocumentAPI::test_batch_process_documents - OSError: We couldn't connect to 'https://hf-mirror.com' to load the files, and couldn't find them in the cached files.
Check your internet connection or see how to run the library in offline mode at 'https://huggingface.co/docs/transformers/installation#offline-mode'.
ERROR tests/api/v1/test_documents.py::TestDocumentAPI::test_batch_process_documents_not_found - OSError: We couldn't connect to 'https://hf-mirror.com' to load the files, and couldn't find them in the cached files.
Check your internet connection or see how to run the library in offline mode at 'https://huggingface.co/docs/transformers/installation#offline-mode'.
ERROR tests/api/v1/test_documents.py::TestDocumentAPI::test_reprocess_document - OSError: We couldn't connect to 'https://hf-mirror.com' to load the files, and couldn't find them in the cached files.
Check your internet connection or see how to run the library in offline mode at 'https://huggingface.co/docs/transformers/installation#offline-mode'.
ERROR tests/api/v1/test_projects.py::TestProjectAPI::test_create_project - OSError: We couldn't connect to 'https://hf-mirror.com' to load the files, and couldn't find them in the cached files.
Check your internet connection or see how to run the library in offline mode at 'https://huggingface.co/docs/transformers/installation#offline-mode'.
ERROR tests/api/v1/test_projects.py::TestProjectAPI::test_create_project_without_description - OSError: We couldn't connect to 'https://hf-mirror.com' to load the files, and couldn't find them in the cached files.
Check your internet connection or see how to run the library in offline mode at 'https://huggingface.co/docs/transformers/installation#offline-mode'.
ERROR tests/api/v1/test_projects.py::TestProjectAPI::test_create_project_missing_name - OSError: We couldn't connect to 'https://hf-mirror.com' to load the files, and couldn't find them in the cached files.
Check your internet connection or see how to run the library in offline mode at 'https://huggingface.co/docs/transformers/installation#offline-mode'.
ERROR tests/api/v1/test_projects.py::TestProjectAPI::test_list_projects_empty - OSError: We couldn't connect to 'https://hf-mirror.com' to load the files, and couldn't find them in the cached files.
Check your internet connection or see how to run the library in offline mode at 'https://huggingface.co/docs/transformers/installation#offline-mode'.
ERROR tests/api/v1/test_projects.py::TestProjectAPI::test_list_projects - OSError: We couldn't connect to 'https://hf-mirror.com' to load the files, and couldn't find them in the cached files.
Check your internet connection or see how to run the library in offline mode at 'https://huggingface.co/docs/transformers/installation#offline-mode'.
ERROR tests/api/v1/test_projects.py::TestProjectAPI::test_list_projects_with_pagination - OSError: We couldn't connect to 'https://hf-mirror.com' to load the files, and couldn't find them in the cached files.
Check your internet connection or see how to run the library in offline mode at 'https://huggingface.co/docs/transformers/installation#offline-mode'.
ERROR tests/api/v1/test_projects.py::TestProjectAPI::test_get_project - OSError: We couldn't connect to 'https://hf-mirror.com' to load the files, and couldn't find them in the cached files.
Check your internet connection or see how to run the library in offline mode at 'https://huggingface.co/docs/transformers/installation#offline-mode'.
ERROR tests/api/v1/test_projects.py::TestProjectAPI::test_get_project_not_found - OSError: We couldn't connect to 'https://hf-mirror.com' to load the files, and couldn't find them in the cached files.
Check your internet connection or see how to run the library in offline mode at 'https://huggingface.co/docs/transformers/installation#offline-mode'.
ERROR tests/api/v1/test_projects.py::TestProjectAPI::test_update_project - OSError: We couldn't connect to 'https://hf-mirror.com' to load the files, and couldn't find them in the cached files.
Check your internet connection or see how to run the library in offline mode at 'https://huggingface.co/docs/transformers/installation#offline-mode'.
ERROR tests/api/v1/test_projects.py::TestProjectAPI::test_update_project_partial - OSError: We couldn't connect to 'https://hf-mirror.com' to load the files, and couldn't find them in the cached files.
Check your internet connection or see how to run the library in offline mode at 'https://huggingface.co/docs/transformers/installation#offline-mode'.
ERROR tests/api/v1/test_projects.py::TestProjectAPI::test_update_project_not_found - OSError: We couldn't connect to 'https://hf-mirror.com' to load the files, and couldn't find them in the cached files.
Check your internet connection or see how to run the library in offline mode at 'https://huggingface.co/docs/transformers/installation#offline-mode'.
ERROR tests/api/v1/test_projects.py::TestProjectAPI::test_delete_project - OSError: We couldn't connect to 'https://hf-mirror.com' to load the files, and couldn't find them in the cached files.
Check your internet connection or see how to run the library in offline mode at 'https://huggingface.co/docs/transformers/installation#offline-mode'.
ERROR tests/api/v1/test_projects.py::TestProjectAPI::test_delete_project_not_found - OSError: We couldn't connect to 'https://hf-mirror.com' to load the files, and couldn't find them in the cached files.
Check your internet connection or see how to run the library in offline mode at 'https://huggingface.co/docs/transformers/installation#offline-mode'.
ERROR tests/api/v1/test_projects.py::TestProjectAPI::test_get_project_documents - OSError: We couldn't connect to 'https://hf-mirror.com' to load the files, and couldn't find them in the cached files.
Check your internet connection or see how to run the library in offline mode at 'https://huggingface.co/docs/transformers/installation#offline-mode'.
ERROR tests/api/v1/test_projects.py::TestProjectAPI::test_get_project_contexts - OSError: We couldn't connect to 'https://hf-mirror.com' to load the files, and couldn't find them in the cached files.
Check your internet connection or see how to run the library in offline mode at 'https://huggingface.co/docs/transformers/installation#offline-mode'.
======================= 42 warnings, 38 errors in 19.60s =======================
